        -:    0:Source:codeFinal.c
        -:    0:Graph:codeFinal.gcno
        -:    0:Data:codeFinal.gcda
        -:    0:Runs:2
        -:    0:Programs:1
        -:    1:/***********************************All the external include files please write here********************************/
        -:    2:#include<stdio.h>
        -:    3:#include<stdlib.h>
        -:    4:#include<math.h>
        -:    5:#include<stdbool.h>
        -:    6:
        -:    7:
        -:    8:/**************************************************Includes ends here*************************************************/
        -:    9:
        -:   10:/*******************************************All #defines please include here ******************************************/
        -:   11:#define nl() printf("\n");
        -:   12:#define os() printf(" ");
        -:   13:#define sf(n) scanf("%d",&n);
        -:   14:#define pf(n) printf("%d",n);
        -:   15:
        -:   16:/*********************************************#defines ends here******************************************************/
        -:   17:
        -:   18:/******************************All the global variables and structs should be declared here***************************/
        -:   19:
        -:   20:
        -:   21:
        -:   22:
        -:   23:
        -:   24:
        -:   25:/***************************************Global variables declaration ends here***************************************/
   508369:   26:bool is_prime(int item){	
   508369:   26-block  0
   508369:   27:	double y=(double)item;
   508369:   28:	double x=sqrt(y);
        -:   29:	int i;
   508369:   30:	int end=(int)x;
 13645377:   31:	for(i=2;i<(int)x;++i){
   508369:   31-block  0
 13137008:   31-block  1
 13645377:   31-block  2
 13593200:   32:		if(item%i==0){
 13593200:   32-block  0
   456192:   33:			return 0;
   456192:   33-block  0
        -:   34:		}		
        -:   35:	}
    52177:   36:	return 1;
    52177:   36-block  0
        -:   37:}
        -:   38:
      101:   39:int count_prime(int *array,int s){
      101:   39-block  0
      101:   40:	int i=0,j=0;	
  2042574:   41:	for(i=0;i<s;++i){
      101:   41-block  0
  2042473:   41-block  1
  2042574:   41-block  2
  2042473:   42:		if(array[i]>=1 && is_prime(array[i])){
  2042473:   42-block  0
   508369:   42-block  1
    52177:   43:			j++;
    52177:   43-block  0
        -:   44:		}
        -:   45:	}
      101:   46:	return j;
      101:   46-block  0
        -:   47:}
        -:   48:
        -:   49:
        2:   50:int main(){
        2:   50-block  0
        -:   51:	int n;
        2:   52:	int c=0;
        -:   53:	int t;
        2:   54:	sf(t);
        2:   54-block  0
      103:   55:	while(t>0){
      103:   55-block  0
      101:   56:		sf(n);
      101:   56-block  0
        -:   57:		int i;
      101:   58:		int *array=(int *)malloc(sizeof(int)*n);
  2042574:   59:		for(i=0;i<n;++i){
  2042574:   59-block  0
  2042473:   60:			sf(array[i]);
  2042473:   60-block  0
        -:   61:		}		
  2042574:   62:		for(i=0;i<n;++i){
      101:   62-block  0
  2042574:   62-block  1
  2042473:   63:			sf(array[i]);
  2042473:   63-block  0
        -:   64:		}			
      101:   65:		int count=(count_prime(array,n));		
      101:   65-block  0
      101:   66:		printf("%d num of primes=",c);
      101:   67:		pf(count);
      101:   68:		c++;
      101:   69:		nl();		
      101:   70:		free(array);		
      101:   71:		nl();
      101:   72:		--t;
        -:   73:	}
        -:   74:
        -:   75:	// will also send some packets but later
        -:   76:	
        2:   77:	return 0;
        2:   77-block  0
        -:   78:}
