        -:    0:Source:codeFinal.c
        -:    0:Graph:./codeFinal.gcno
        -:    0:Data:./codeFinal.gcda
        -:    0:Runs:1
        -:    0:Programs:1
        -:    1:/***********************************All the external include files please write here********************************/
        -:    2:#include<stdio.h>
        -:    3:#include<stdlib.h>
        -:    4:#include<math.h>
        -:    5:#include<stdbool.h>
        -:    6:
        -:    7:
        -:    8:/**************************************************Includes ends here*************************************************/
        -:    9:
        -:   10:/*******************************************All #defines please include here ******************************************/
        -:   11:#define nl() printf("\n");
        -:   12:#define os() printf(" ");
        -:   13:#define sf(n) scanf("%d",&n);
        -:   14:#define pf(n) printf("%d",n);
        -:   15:
        -:   16:/*********************************************#defines ends here******************************************************/
        -:   17:
        -:   18:/******************************All the global variables and structs should be declared here***************************/
        -:   19:
        -:   20:
        -:   21:
        -:   22:
        -:   23:
        -:   24:
        -:   25:/***************************************Global variables declaration ends here***************************************/
function is_prime called 512561 returned 100% blocks executed 100%
   512561:   26:bool is_prime(int item){
   512561:   26-block  0
   512561:   27:	double y=(double)item;
   512561:   28:	double x=sqrt(y);
        -:   29:	int i;
   512561:   30:	int end=(int)x;
623287562:   31:	for(i=2;i<(int)x;++i){
   512561:   31-block  0
unconditional  0 taken 512561
622775001:   31-block  1
unconditional  1 taken 622775001
623287562:   31-block  2
branch  2 taken 623261340
branch  3 taken 26222 (fallthrough)
623261340:   32:		if(item%i==0){
623261340:   32-block  0
branch  0 taken 486339 (fallthrough)
branch  1 taken 622775001
   486339:   33:			return 0;
   486339:   33-block  0
unconditional  0 taken 486339
        -:   34:		}
        -:   35:	}
    26222:   36:	return 1;
    26222:   36-block  0
unconditional  0 taken 26222
        -:   37:}
        -:   38:
function count_prime called 1000 returned 100% blocks executed 100%
     1000:   39:int count_prime(int *array,int s){
     1000:   39-block  0
     1000:   40:	int i=0,j=0;
   513561:   41:	for(i=0;i<s;++i){
     1000:   41-block  0
unconditional  0 taken 1000
   512561:   41-block  1
unconditional  1 taken 512561
   513561:   41-block  2
branch  2 taken 512561
branch  3 taken 1000 (fallthrough)
   512561:   42:		if(array[i]>=1 && is_prime(array[i])){
   512561:   42-block  0
branch  0 taken 512561 (fallthrough)
branch  1 taken 0
   512561:   42-block  1
call    2 returned 512561
branch  3 taken 26222 (fallthrough)
branch  4 taken 486339
    26222:   43:			j++;
    26222:   43-block  0
unconditional  0 taken 26222
        -:   44:		}
        -:   45:	}
     1000:   46:	return j;
     1000:   46-block  0
unconditional  0 taken 1000
        -:   47:}
        -:   48:
        -:   49:
function main called 1 returned 100% blocks executed 100%
        1:   50:int main(){
        1:   50-block  0
        -:   51:	int n;
        1:   52:	int c=0;
        -:   53:	int t;
        1:   54:	sf(t);
        1:   54-block  0
call    0 returned 1
     1001:   55:	while(t>0){
unconditional  0 taken 1
     1001:   55-block  0
branch  1 taken 1000
branch  2 taken 1 (fallthrough)
     1000:   56:		sf(n);
     1000:   56-block  0
call    0 returned 1000
        -:   57:		int i;
     1000:   58:		int array[n];
   513561:   59:		for(i=0;i<n;++i){
unconditional  0 taken 1000
unconditional  1 taken 512561
   513561:   59-block  0
branch  2 taken 512561
branch  3 taken 1000 (fallthrough)
   512561:   60:			sf(array[i]);
   512561:   60-block  0
call    0 returned 512561
        -:   61:		}
     1000:   62:		int count=(count_prime(array,n));
     1000:   62-block  0
call    0 returned 1000
     1000:   63:		printf("%d num of primes=",c);
call    0 returned 1000
     1000:   64:		pf(count);
call    0 returned 1000
     1000:   65:		c++;
     1000:   66:		nl();
call    0 returned 1000
     1000:   67:		--t;
unconditional  0 taken 1000
        -:   68:	}
        -:   69:
        -:   70:	// will also send some packets but later
        -:   71:
        1:   72:	return 0;
        1:   72-block  0
unconditional  0 taken 1
        -:   73:}
